<?xml version="1.0" encoding="UTF-8"?>
<!-- Generated by org.testng.reporters.JUnitXMLReporter -->
<testsuite ignored="0" hostname="DESKTOP-DJAOCVR" failures="1" tests="2" name="edgetest" time="31.259" errors="0" timestamp="2025-03-07T02:12:42 IST">
  <testcase classname="testCases.TC_001_CreatingAnAccount" name="creatingAnAccount" time="0.001">
    <skipped/>
  </testcase> <!-- creatingAnAccount -->
  <testcase classname="testCases.TC_002_SignInTest" name="signInTest" time="2.41">
    <failure type="java.lang.AssertionError" message="An unexpected error occurred: Keys to send should be a not null CharSequence">
      <![CDATA[java.lang.AssertionError: An unexpected error occurred: Keys to send should be a not null CharSequence
at testCases.TC_002_SignInTest.signInTest(TC_002_SignInTest.java:43)
at java.base/java.util.ArrayList.forEach(ArrayList.java:1596)
... Removed 30 stack frames]]>
    </failure>
  </testcase> <!-- signInTest -->
</testsuite> <!-- edgetest -->
